
> switch-manager-backend@1.0.0 dev
> nodemon server.js

[33m[nodemon] 3.1.14[39m
[33m[nodemon] to restart at any time, enter `rs`[39m
[33m[nodemon] watching path(s): *.*[39m
[33m[nodemon] watching extensions: js,mjs,cjs,json[39m
[32m[nodemon] starting `node server.js`[39m
✅ JSON Database ready at: C:\Users\vg.mikheev\Documents\Swmanager\switch-manager\backend\data\switches.json

🚀 Backend запущен!
📍 http://localhost:5000
🔗 API: http://localhost:5000/api/health
🌐 Network: http://10.182.63.130:5000

[2026-05-29T08:01:59.179Z] GET /api/health
[2026-05-29T08:02:04.630Z] GET /api/health
[2026-05-29T08:02:19.822Z] GET /api/switches
[2026-05-29T08:02:23.672Z] GET /api/switches
[2026-05-29T08:02:23.678Z] GET /api/switches
[2026-05-29T08:09:26.365Z] GET /api/switches/uploads/f54f7255-c246-4906-9b7d-368952dd8c0e.pdf
[2026-05-29T08:09:26.666Z] GET /favicon.ico
[2026-05-29T08:09:35.205Z] GET /api/switches/uploads/6a292fa8-701a-4da4-9c84-a51d6b9d83c8.pdf
